TN:
SF:lib/stripe.ts
FNF:0
FNH:0
DA:3,0
DA:4,0
DA:7,0
LF:3
LH:0
BRDA:3,0,0,0
BRDA:3,0,1,0
BRDA:7,1,0,0
BRDA:7,1,1,0
BRF:4
BRH:0
end_of_record
TN:
SF:lib/utils.ts
FN:4,cn
FNF:1
FNH:0
FNDA:0,cn
DA:5,0
LF:1
LH:0
BRF:0
BRH:0
end_of_record
TN:
SF:lib/billing/budget.ts
FN:19,getOrgBudget
FN:49,getStripeUsageTotal
FN:67,(anonymous_2)
FN:74,getBudgetStatus
FN:94,(anonymous_4)
FN:109,alignToMinute
FNF:6
FNH:0
FNDA:0,getOrgBudget
FNDA:0,getStripeUsageTotal
FNDA:0,(anonymous_2)
FNDA:0,getBudgetStatus
FNDA:0,(anonymous_4)
FNDA:0,alignToMinute
DA:20,0
DA:37,0
DA:53,0
DA:54,0
DA:56,0
DA:57,0
DA:59,0
DA:61,0
DA:67,0
DA:75,0
DA:77,0
DA:83,0
DA:84,0
DA:86,0
DA:87,0
DA:88,0
DA:90,0
DA:94,0
DA:98,0
DA:100,0
DA:110,0
LF:21
LH:0
BRDA:38,0,0,0
BRDA:38,0,1,0
BRDA:39,1,0,0
BRDA:39,1,1,0
BRDA:40,2,0,0
BRDA:40,2,1,0
BRDA:41,3,0,0
BRDA:41,3,1,0
BRDA:59,4,0,0
BRDA:59,4,1,0
BRDA:87,5,0,0
BRDA:87,5,1,0
BRDA:87,6,0,0
BRDA:87,6,1,0
BRDA:94,7,0,0
BRDA:94,7,1,0
BRDA:94,8,0,0
BRDA:94,8,1,0
BRDA:98,9,0,0
BRDA:98,9,1,0
BRF:20
BRH:0
end_of_record
TN:
SF:lib/billing/overage.ts
FN:8,calculateOverage
FNF:1
FNH:0
FNDA:0,calculateOverage
DA:13,0
DA:14,0
DA:15,0
DA:16,0
DA:18,0
LF:5
LH:0
BRF:0
BRH:0
end_of_record
TN:
SF:lib/billing/provision.ts
FN:10,ensureBillingProfile
FNF:1
FNH:0
FNDA:0,ensureBillingProfile
DA:11,0
DA:17,0
DA:20,0
DA:25,0
DA:27,0
DA:37,0
DA:40,0
DA:48,0
LF:8
LH:0
BRDA:17,0,0,0
BRDA:17,0,1,0
BRDA:21,1,0,0
BRDA:21,1,1,0
BRDA:37,2,0,0
BRDA:37,2,1,0
BRF:6
BRH:0
end_of_record
TN:
SF:lib/carbon/calculator.ts
FN:96,computePUE
FN:111,calcPUE
FN:131,computeThrottleAdjustment
FN:140,powerAt
FN:145,dTdt
FN:183,computeEmbodiedCarbon
FN:211,computeFourierForecast
FN:244,(anonymous_7)
FN:246,(anonymous_8)
FN:246,(anonymous_9)
FN:249,(anonymous_10)
FN:254,(anonymous_11)
FN:255,(anonymous_12)
FN:289,computeRadiativeForcing
FN:304,computeLifecycleEmissions
FN:321,computeCarbonDiff
FN:357,computeGateDecision
FN:421,(anonymous_17)
FN:485,estimateEmissions
FN:573,calculateEmissions
FN:596,forecastOptimalWindow
FN:610,buildFourierMatrix
FN:611,(anonymous_22)
FN:614,buildFourierMatrixAtT
FN:615,(anonymous_24)
FN:635,lstsq
FN:639,(anonymous_26)
FN:652,(anonymous_27)
FN:671,(anonymous_28)
FN:678,stdDev
FN:680,(anonymous_30)
FN:681,(anonymous_31)
FN:684,r2
FN:685,r3
FN:686,r4
FNF:35
FNH:35
FNDA:46,computePUE
FNDA:138,calcPUE
FNDA:25,computeThrottleAdjustment
FNDA:101000,powerAt
FNDA:80800,dTdt
FNDA:30,computeEmbodiedCarbon
FNDA:25,computeFourierForecast
FNDA:264,(anonymous_7)
FNDA:264,(anonymous_8)
FNDA:3096,(anonymous_9)
FNDA:264,(anonymous_10)
FNDA:696,(anonymous_11)
FNDA:9000,(anonymous_12)
FNDA:21,computeRadiativeForcing
FNDA:22,computeLifecycleEmissions
FNDA:21,computeCarbonDiff
FNDA:30,computeGateDecision
FNDA:80,(anonymous_17)
FNDA:17,estimateEmissions
FNDA:2,calculateEmissions
FNDA:1,forecastOptimalWindow
FNDA:6,buildFourierMatrix
FNDA:696,(anonymous_22)
FNDA:12,buildFourierMatrixAtT
FNDA:960,(anonymous_24)
FNDA:6,lstsq
FNDA:70,(anonymous_26)
FNDA:70,(anonymous_27)
FNDA:70,(anonymous_28)
FNDA:12,stdDev
FNDA:1392,(anonymous_30)
FNDA:1392,(anonymous_31)
FNDA:56,r2
FNDA:22,r3
FNDA:373,r4
DA:25,1
DA:32,1
DA:40,1
DA:51,1
DA:52,1
DA:59,1
DA:62,1
DA:65,1
DA:68,1
DA:71,1
DA:72,1
DA:73,1
DA:76,1
DA:77,1
DA:78,1
DA:97,46
DA:98,46
DA:99,46
DA:101,46
DA:103,46
DA:104,46
DA:105,46
DA:106,46
DA:108,46
DA:112,138
DA:113,138
DA:136,25
DA:137,25
DA:138,25
DA:141,101000
DA:142,101000
DA:146,80800
DA:147,80800
DA:150,25
DA:151,25
DA:152,25
DA:153,25
DA:155,25
DA:156,25
DA:158,25
DA:159,20200
DA:160,20200
DA:161,20200
DA:162,20200
DA:163,20200
DA:164,20200
DA:167,25
DA:168,25
DA:169,25
DA:171,25
DA:184,30
DA:185,30
DA:186,30
DA:187,30
DA:218,25
DA:219,19
DA:220,19
DA:221,1
DA:222,1
DA:223,1
DA:224,24
DA:225,24
DA:227,1
DA:228,1
DA:233,18
DA:236,6
DA:237,6
DA:238,6
DA:240,25
DA:241,25
DA:244,264
DA:245,25
DA:246,3096
DA:248,25
DA:249,264
DA:251,25
DA:254,25
DA:255,9000
DA:257,25
DA:258,25
DA:259,25
DA:260,25
DA:261,25
DA:262,25
DA:264,25
DA:269,25
DA:290,21
DA:291,21
DA:292,21
DA:293,21
DA:312,22
DA:313,22
DA:314,22
DA:325,21
DA:326,3
DA:327,3
DA:368,30
DA:369,30
DA:370,30
DA:372,30
DA:373,30
DA:377,30
DA:378,23
DA:379,5
DA:380,3
DA:381,0
DA:382,2
DA:385,30
DA:388,30
DA:390,30
DA:391,14
DA:398,30
DA:399,27
DA:400,27
DA:407,30
DA:413,30
DA:414,6
DA:421,80
DA:423,30
DA:431,30
DA:500,17
DA:503,17
DA:504,17
DA:507,17
DA:508,17
DA:509,17
DA:512,17
DA:513,17
DA:516,17
DA:517,17
DA:518,17
DA:521,17
DA:522,17
DA:525,17
DA:528,17
DA:531,17
DA:539,17
DA:542,17
DA:543,17
DA:545,17
DA:579,2
DA:585,2
DA:601,1
DA:602,1
DA:603,0
DA:611,696
DA:615,12
DA:616,960
DA:617,960
DA:618,4800
DA:619,4800
DA:621,960
DA:622,384
DA:623,768
DA:624,768
DA:627,960
DA:636,6
DA:637,6
DA:639,70
DA:640,6
DA:642,6
DA:643,696
DA:644,9000
DA:645,9000
DA:646,119160
DA:652,70
DA:654,6
DA:655,70
DA:656,70
DA:657,380
DA:659,70
DA:661,70
DA:662,70
DA:664,70
DA:665,830
DA:666,760
DA:667,5740
DA:671,70
DA:679,12
DA:680,1392
DA:681,1392
DA:684,56
DA:685,22
DA:686,373
LF:184
LH:182
BRDA:96,0,0,46
BRDA:98,1,0,18
BRDA:98,1,1,28
BRDA:136,2,0,25
BRDA:136,2,1,1
BRDA:137,3,0,25
BRDA:137,3,1,1
BRDA:184,4,0,30
BRDA:184,4,1,0
BRDA:215,5,0,25
BRDA:218,6,0,19
BRDA:218,6,1,6
BRDA:220,7,0,1
BRDA:220,7,1,18
BRDA:220,8,0,19
BRDA:220,8,1,1
BRDA:225,9,0,2
BRDA:225,9,1,22
BRDA:238,10,0,1
BRDA:238,10,1,5
BRDA:246,11,0,3096
BRDA:246,11,1,0
BRDA:249,12,0,42
BRDA:249,12,1,222
BRDA:255,13,0,9000
BRDA:255,13,1,0
BRDA:259,14,0,6
BRDA:259,14,1,0
BRDA:264,15,0,6
BRDA:264,15,1,0
BRDA:265,16,0,0
BRDA:265,16,1,0
BRDA:266,17,0,0
BRDA:266,17,1,0
BRDA:307,18,0,22
BRDA:308,19,0,22
BRDA:309,20,0,22
BRDA:310,21,0,22
BRDA:325,22,0,18
BRDA:325,22,1,3
BRDA:330,23,0,1
BRDA:330,23,1,2
BRDA:370,24,0,30
BRDA:370,24,1,0
BRDA:377,25,0,1
BRDA:377,25,1,29
BRDA:377,26,0,30
BRDA:377,26,1,24
BRDA:377,27,0,23
BRDA:377,27,1,6
BRDA:378,28,0,1
BRDA:378,28,1,5
BRDA:379,29,0,3
BRDA:379,29,1,2
BRDA:380,30,0,0
BRDA:380,30,1,2
BRDA:385,31,0,23
BRDA:385,31,1,7
BRDA:386,32,0,2
BRDA:386,32,1,5
BRDA:386,33,0,7
BRDA:386,33,1,6
BRDA:390,34,0,14
BRDA:390,34,1,16
BRDA:390,35,0,30
BRDA:390,35,1,14
BRDA:393,36,0,14
BRDA:393,36,1,0
BRDA:398,37,0,27
BRDA:398,37,1,3
BRDA:398,38,0,30
BRDA:398,38,1,28
BRDA:413,39,0,6
BRDA:413,39,1,24
BRDA:489,40,0,17
BRDA:490,41,0,17
BRDA:491,42,0,17
BRDA:492,43,0,17
BRDA:493,44,0,17
BRDA:495,45,0,17
BRDA:496,46,0,17
BRDA:497,47,0,17
BRDA:498,48,0,17
BRDA:521,49,0,17
BRDA:521,49,1,17
BRDA:599,50,0,1
BRDA:602,51,0,1
BRDA:602,51,1,0
BRDA:621,52,0,384
BRDA:621,52,1,576
BRDA:621,53,0,960
BRDA:621,53,1,384
BRDA:657,54,0,0
BRDA:657,54,1,380
BRDA:662,55,0,0
BRDA:662,55,1,70
BRDA:665,56,0,70
BRDA:665,56,1,760
BRDA:671,57,0,70
BRDA:671,57,1,0
BRDA:679,58,0,0
BRDA:679,58,1,12
BRF:102
BRH:85
end_of_record
TN:
SF:lib/crusoe/client.ts
FN:46,getCrusoeAvailability
FN:65,(anonymous_1)
FN:92,pingCrusoeApi
FNF:3
FNH:0
FNDA:0,getCrusoeAvailability
FNDA:0,(anonymous_1)
FNDA:0,pingCrusoeApi
DA:12,0
DA:15,0
DA:36,0
DA:38,0
DA:47,0
DA:49,0
DA:50,0
DA:59,0
DA:61,0
DA:62,0
DA:64,0
DA:65,0
DA:69,0
DA:73,0
DA:79,0
DA:81,0
DA:93,0
DA:94,0
DA:95,0
DA:97,0
LF:20
LH:0
BRDA:59,0,0,0
BRDA:59,0,1,0
BRDA:62,1,0,0
BRDA:62,1,1,0
BRDA:64,2,0,0
BRDA:64,2,1,0
BRDA:69,3,0,0
BRDA:69,3,1,0
BRDA:69,3,2,0
BRF:9
BRH:0
end_of_record
TN:
SF:lib/dashboard/mock-data.ts
FNF:0
FNH:0
DA:7,0
LF:1
LH:0
BRF:0
BRH:0
end_of_record
TN:
SF:lib/dashboard/queries.ts
FN:10,getDashboardReadModel
FN:44,(anonymous_1)
FN:63,(anonymous_2)
FN:67,(anonymous_3)
FN:108,round1
FN:109,round2
FNF:6
FNH:0
FNDA:0,getDashboardReadModel
FNDA:0,(anonymous_1)
FNDA:0,(anonymous_2)
FNDA:0,(anonymous_3)
FNDA:0,round1
FNDA:0,round2
DA:11,0
DA:13,0
DA:20,0
DA:26,0
DA:27,0
DA:28,0
DA:31,0
DA:32,0
DA:35,0
DA:43,0
DA:44,0
DA:56,0
DA:57,0
DA:58,0
DA:62,0
DA:63,0
DA:67,0
DA:69,0
DA:96,0
DA:103,0
DA:104,0
DA:108,0
DA:109,0
LF:23
LH:0
BRDA:26,0,0,0
BRDA:26,0,1,0
BRDA:27,1,0,0
BRDA:27,1,1,0
BRDA:28,2,0,0
BRDA:28,2,1,0
BRDA:32,3,0,0
BRDA:32,3,1,0
BRDA:43,4,0,0
BRDA:43,4,1,0
BRDA:50,5,0,0
BRDA:50,5,1,0
BRDA:90,6,0,0
BRDA:90,6,1,0
BRDA:91,7,0,0
BRDA:91,7,1,0
BRF:16
BRH:0
end_of_record
TN:
SF:lib/dashboard/types.ts
FNF:0
FNH:0
LF:0
LH:0
BRF:0
BRH:0
end_of_record
TN:
SF:lib/electricity-maps/client.ts
FN:57,getHourlyProfile
FN:82,getCarbonIntensity
FN:111,getStaticIntensities
FNF:3
FNH:0
FNDA:0,getHourlyProfile
FNDA:0,getCarbonIntensity
FNDA:0,getStaticIntensities
DA:14,0
DA:44,0
DA:49,0
DA:58,0
DA:62,0
DA:83,0
DA:84,0
DA:86,0
DA:87,0
DA:88,0
DA:96,0
DA:97,0
DA:98,0
DA:99,0
DA:103,0
DA:107,0
DA:112,0
LF:17
LH:0
BRDA:58,0,0,0
BRDA:58,0,1,0
BRDA:86,1,0,0
BRDA:86,1,1,0
BRDA:86,2,0,0
BRDA:86,2,1,0
BRDA:96,3,0,0
BRDA:96,3,1,0
BRDA:98,4,0,0
BRDA:98,4,1,0
BRDA:107,5,0,0
BRDA:107,5,1,0
BRF:12
BRH:0
end_of_record
TN:
SF:lib/emissions/calculate.ts
FN:38,estimateEmissions
FNF:1
FNH:0
FNDA:0,estimateEmissions
DA:4,0
DA:15,0
DA:23,0
DA:28,0
DA:29,0
DA:43,0
DA:44,0
DA:46,0
DA:47,0
DA:49,0
DA:50,0
DA:52,0
LF:12
LH:0
BRDA:43,0,0,0
BRDA:43,0,1,0
BRDA:44,1,0,0
BRDA:44,1,1,0
BRF:4
BRH:0
end_of_record
TN:
SF:lib/supabase/admin.ts
FNF:0
FNH:0
DA:3,0
DA:4,0
DA:6,0
LF:3
LH:0
BRDA:3,0,0,0
BRDA:3,0,1,0
BRDA:4,1,0,0
BRDA:4,1,1,0
BRF:4
BRH:0
end_of_record
TN:
SF:lib/supabase/server.ts
FN:4,createSupabaseServerClient
FN:12,(anonymous_1)
FN:15,(anonymous_2)
FN:17,(anonymous_3)
FNF:4
FNH:0
FNDA:0,createSupabaseServerClient
FNDA:0,(anonymous_1)
FNDA:0,(anonymous_2)
FNDA:0,(anonymous_3)
DA:5,0
DA:7,0
DA:13,0
DA:16,0
DA:17,0
DA:18,0
LF:6
LH:0
BRF:0
BRH:0
end_of_record
TN:
SF:lib/usage/ingest.ts
FN:38,ingestUsageSinceCursor
FN:56,(anonymous_1)
FNF:2
FNH:0
FNDA:0,ingestUsageSinceCursor
FNDA:0,(anonymous_1)
DA:39,0
DA:45,0
DA:46,0
DA:49,0
DA:50,0
DA:52,0
DA:54,0
DA:56,0
DA:57,0
DA:58,0
DA:61,0
DA:63,0
DA:69,0
DA:71,0
DA:78,0
DA:82,0
LF:16
LH:0
BRDA:45,0,0,0
BRDA:45,0,1,0
BRDA:50,1,0,0
BRDA:50,1,1,0
BRDA:52,2,0,0
BRDA:52,2,1,0
BRDA:54,3,0,0
BRDA:54,3,1,0
BRDA:57,4,0,0
BRDA:57,4,1,0
BRDA:57,5,0,0
BRDA:57,5,1,0
BRDA:69,6,0,0
BRDA:69,6,1,0
BRDA:78,7,0,0
BRDA:78,7,1,0
BRDA:80,8,0,0
BRDA:80,8,1,0
BRF:18
BRH:0
end_of_record
TN:
SF:lib/usage/person3.ts
FN:12,fetchPerson3UsageEvents
FNF:1
FNH:0
FNDA:0,fetchPerson3UsageEvents
DA:13,0
DA:14,0
DA:16,0
DA:17,0
DA:20,0
DA:21,0
DA:22,0
DA:25,0
DA:30,0
DA:31,0
DA:34,0
DA:35,0
LF:12
LH:0
BRDA:16,0,0,0
BRDA:16,0,1,0
BRDA:21,1,0,0
BRDA:21,1,1,0
BRDA:26,2,0,0
BRDA:26,2,1,0
BRDA:30,3,0,0
BRDA:30,3,1,0
BRDA:35,4,0,0
BRDA:35,4,1,0
BRF:10
BRH:0
end_of_record
TN:
SF:lib/usage/report.ts
FN:15,reportUsageToStripe
FNF:1
FNH:0
FNDA:0,reportUsageToStripe
DA:20,0
DA:22,0
DA:28,0
DA:29,0
DA:30,0
DA:31,0
DA:34,0
DA:35,0
DA:36,0
DA:38,0
DA:48,0
LF:11
LH:0
BRDA:20,0,0,0
BRDA:20,0,1,0
BRDA:29,1,0,0
BRDA:29,1,1,0
BRDA:34,2,0,0
BRDA:34,2,1,0
BRDA:44,3,0,0
BRDA:44,3,1,0
BRF:8
BRH:0
end_of_record
